<?xml version="1.0" encoding="UTF-8"?>
<testsuite xmlns:xsi="http://www.w3.org/2001/XMLSchema-instance" xsi:noNamespaceSchemaLocation="https://maven.apache.org/surefire/maven-surefire-plugin/xsd/surefire-test-report.xsd" name="businesslogic.AirplaneManagerTest" time="0.473" tests="12" errors="0" skipped="0" failures="0">
  <properties>
[...]
</properties>
  <testcase name="airplaneScheduleTest" classname="businesslogic.AirplaneManagerTest" time="0.367"/>
  <testcase name="createAirplaneTest" classname="businesslogic.AirplaneManagerTest" time="0.017"/>
  <testcase name="getTest" classname="businesslogic.AirplaneManagerTest" time="0.001"/>
  <testcase name="airplaneCheckAvailability{int, int, int, int, int, int, int, int, int, int, boolean}[1]" classname="businesslogic.AirplaneManagerTest" time="0.015"/>
  <testcase name="airplaneCheckAvailability{int, int, int, int, int, int, int, int, int, int, boolean}[2]" classname="businesslogic.AirplaneManagerTest" time="0.004"/>
  <testcase name="airplaneCheckAvailability{int, int, int, int, int, int, int, int, int, int, boolean}[3]" classname="businesslogic.AirplaneManagerTest" time="0.001"/>
  <testcase name="airplaneCheckAvailability{int, int, int, int, int, int, int, int, int, int, boolean}[4]" classname="businesslogic.AirplaneManagerTest" time="0.001"/>
  <testcase name="airplaneCheckAvailability{int, int, int, int, int, int, int, int, int, int, boolean}[5]" classname="businesslogic.AirplaneManagerTest" time="0.001"/>
  <testcase name="airplaneCheckAvailability{int, int, int, int, int, int, int, int, int, int, boolean}[6]" classname="businesslogic.AirplaneManagerTest" time="0.001"/>
  <testcase name="airplaneCheckAvailability{int, int, int, int, int, int, int, int, int, int, boolean}[7]" classname="businesslogic.AirplaneManagerTest" time="0.001"/>
  <testcase name="airplaneCheckAvailability{int, int, int, int, int, int, int, int, int, int, boolean}[8]" classname="businesslogic.AirplaneManagerTest" time="0.001"/>
  <testcase name="airplaneCheckAvailability{int, int, int, int, int, int, int, int, int, int, boolean}[9]" classname="businesslogic.AirplaneManagerTest" time="0.001"/>
</testsuite>