<?xml version="1.0" encoding="UTF-8"?>
<testsuite xmlns:xsi="http://www.w3.org/2001/XMLSchema-instance" xsi:noNamespaceSchemaLocation="https://maven.apache.org/surefire/maven-surefire-plugin/xsd/surefire-test-report.xsd" name="genericmapper.MapperGeneratorTest" time="0.352" tests="25" errors="0" skipped="0" failures="0">
  <properties>
[...]
</properties>
  <testcase name="t0CodeLine{int, String[]}[1]" classname="genericmapper.MapperGeneratorTest" time="0.152"/>
  <testcase name="t0CodeLine{int, String[]}[2]" classname="genericmapper.MapperGeneratorTest" time="0.006"/>
  <testcase name="t0CodeLine{int, String[]}[3]" classname="genericmapper.MapperGeneratorTest" time="0.004"/>
  <testcase name="t0CodeLine{int, String[]}[4]" classname="genericmapper.MapperGeneratorTest" time="0.004"/>
  <testcase name="t0CodeLine{int, String[]}[5]" classname="genericmapper.MapperGeneratorTest" time="0.004"/>
  <testcase name="t0CodeLine{int, String[]}[6]" classname="genericmapper.MapperGeneratorTest" time="0.005"/>
  <testcase name="t0CodeLine{int, String[]}[7]" classname="genericmapper.MapperGeneratorTest" time="0.004"/>
  <testcase name="t0CodeLine{int, String[]}[8]" classname="genericmapper.MapperGeneratorTest" time="0.005"/>
  <testcase name="t0CodeLine{int, String[]}[9]" classname="genericmapper.MapperGeneratorTest" time="0.004"/>
  <testcase name="t0CodeLine{int, String[]}[10]" classname="genericmapper.MapperGeneratorTest" time="0.004"/>
  <testcase name="t0CodeLine{int, String[]}[11]" classname="genericmapper.MapperGeneratorTest" time="0.006"/>
  <testcase name="t0CodeLine{int, String[]}[12]" classname="genericmapper.MapperGeneratorTest" time="0.004"/>
  <testcase name="t0CodeLine{int, String[]}[13]" classname="genericmapper.MapperGeneratorTest" time="0.006"/>
  <testcase name="t0CodeLine{int, String[]}[14]" classname="genericmapper.MapperGeneratorTest" time="0.004"/>
  <testcase name="t0CodeLine{int, String[]}[15]" classname="genericmapper.MapperGeneratorTest" time="0.004"/>
  <testcase name="t0CodeLine{int, String[]}[16]" classname="genericmapper.MapperGeneratorTest" time="0.003"/>
  <testcase name="t0CodeLine{int, String[]}[17]" classname="genericmapper.MapperGeneratorTest" time="0.004"/>
  <testcase name="t0CodeLine{int, String[]}[18]" classname="genericmapper.MapperGeneratorTest" time="0.004"/>
  <testcase name="t0CodeLine{int, String[]}[19]" classname="genericmapper.MapperGeneratorTest" time="0.003"/>
  <testcase name="t1Getters" classname="genericmapper.MapperGeneratorTest" time="0.001"/>
  <testcase name="t2countBraces{char, char}[1]" classname="genericmapper.MapperGeneratorTest" time="0.007"/>
  <testcase name="t2countBraces{char, char}[2]" classname="genericmapper.MapperGeneratorTest" time="0.001"/>
  <testcase name="t2countBraces{char, char}[3]" classname="genericmapper.MapperGeneratorTest" time="0.002"/>
  <testcase name="t3MainCausesNoProblems" classname="genericmapper.MapperGeneratorTest" time="0.006"/>
  <testcase name="tGenerateTutorMapper" classname="genericmapper.MapperGeneratorTest" time="0.004"/>
</testsuite>