<?xml version="1.0" encoding="UTF-8"?>
<testsuite xmlns:xsi="http://www.w3.org/2001/XMLSchema-instance" xsi:noNamespaceSchemaLocation="https://maven.apache.org/surefire/maven-surefire-plugin/xsd/surefire-test-report.xsd" name="businessentitiesapi.FlightTest" time="0.186" tests="8" errors="0" skipped="0" failures="0">
  <properties>
[...]
</properties>
  <testcase name="constructorWorksTest" classname="businessentitiesapi.FlightTest" time="0.1"/>
  <testcase name="constructorNotWorkingTest{int, String, String, int, int, int, int, int, int, String, String}[1]" classname="businessentitiesapi.FlightTest" time="0.022"/>
  <testcase name="constructorNotWorkingTest{int, String, String, int, int, int, int, int, int, String, String}[2]" classname="businessentitiesapi.FlightTest" time="0.001"/>
  <testcase name="constructorNotWorkingTest{int, String, String, int, int, int, int, int, int, String, String}[3]" classname="businessentitiesapi.FlightTest" time="0.002"/>
  <testcase name="constructorNotWorkingTest{int, String, String, int, int, int, int, int, int, String, String}[4]" classname="businessentitiesapi.FlightTest" time="0.001"/>
  <testcase name="constructorNotWorkingTest{int, String, String, int, int, int, int, int, int, String, String}[5]" classname="businessentitiesapi.FlightTest" time="0.001"/>
  <testcase name="constructorNotWorkingTest{int, String, String, int, int, int, int, int, int, String, String}[6]" classname="businessentitiesapi.FlightTest" time="0.001"/>
  <testcase name="constructorNotWorkingTest{int, String, String, int, int, int, int, int, int, String, String}[7]" classname="businessentitiesapi.FlightTest" time="0.001"/>
</testsuite>